This is e-pTeX, Version 3.14159265-p3.8.3-191112-2.6 (utf8.sjis) (TeX Live 2020/W32TeX) (preloaded format=platex 2021.1.24)  27 JAN 2021 18:43
entering extended mode
 restricted \write18 enabled.
 file:line:error style messages enabled.
 %&-line parsing enabled.
**c:/Users/OEB_PC/pythonscripts/Bthesis/kurioka.tex
(c:/Users/OEB_PC/pythonscripts/Bthesis/kurioka.tex
pLaTeX2e <2020-10-01>+1 (based on LaTeX2e <2020-10-01> patch level 4)
L3 programming layer <2021-01-09> xparse <2020-03-03> (c:/texlive/2020/texmf-dist/tex/platex/jsclasses/jsbook.cls
Document Class: jsbook 2020/10/09 jsclasses (okumura, texjporg)
\jsc@mpt=\dimen154
\jsc@mmm=\dimen155
\jsc@smallskipamount=\skip47
LaTeX Info: Redefining \textmc on input line 502.
LaTeX Info: Redefining \textgt on input line 504.
\symmincho=\mathgroup4
LaTeX Font Info:    Overwriting symbol font `mincho' in version `bold'
(Font)                  JY1/mc/m/n --> JY1/gt/m/n on input line 566.
LaTeX Font Info:    Font shape `JT1/mc/m/n' will be
(Font)              scaled to size 9.60999pt on input line 760.
LaTeX Font Info:    Font shape `JY1/mc/m/n' will be
(Font)              scaled to size 9.60999pt on input line 760.
\fullwidth=\dimen156
LaTeX Font Info:    Font shape `JT1/mc/m/n' will be
(Font)              scaled to size 7.68799pt on input line 921.
LaTeX Font Info:    Font shape `JY1/mc/m/n' will be
(Font)              scaled to size 7.68799pt on input line 921.
\c@part=\count176
\c@chapter=\count177
\c@section=\count178
\c@subsection=\count179
\c@subsubsection=\count180
\c@paragraph=\count181
\c@subparagraph=\count182
\c@figure=\count183
\c@table=\count184
\abovecaptionskip=\skip48
\belowcaptionskip=\skip49
\jsc@tocl@width=\dimen157
\@lnumwidth=\dimen158
\bibindent=\dimen159
(c:/texlive/2020/texmf-dist/tex/platex/jsclasses/jslogo.sty
Package: jslogo 2019/07/25 okumura, texjporg
LaTeX Info: Redefining \TeX on input line 82.
LaTeX Info: Redefining \LaTeX on input line 135.
LaTeX Info: Redefining \LaTeXe on input line 188.
)
\heisei=\count185
) (c:/texlive/2020/texmf-dist/tex/latex/comment/comment.sty
\CommentStream=\write3
Excluding comment 'comment') (c:/texlive/2020/texmf-dist/tex/latex/geometry/geometry.sty
Package: geometry 2020/01/02 v5.9 Page Geometry
(c:/texlive/2020/texmf-dist/tex/latex/graphics/keyval.sty
Package: keyval 2014/10/28 v1.15 key=value parser (DPC)
\KV@toks@=\toks16
) (c:/texlive/2020/texmf-dist/tex/generic/iftex/ifvtex.sty
Package: ifvtex 2019/10/25 v1.7 ifvtex legacy package. Use iftex instead.
(c:/texlive/2020/texmf-dist/tex/generic/iftex/iftex.sty
Package: iftex 2020/03/06 v1.0d TeX engine tests
))
\Gm@cnth=\count186
\Gm@cntv=\count187
\c@Gm@tempcnt=\count188
\Gm@bindingoffset=\dimen160
\Gm@wd@mp=\dimen161
\Gm@odd@mp=\dimen162
\Gm@even@mp=\dimen163
\Gm@layoutwidth=\dimen164
\Gm@layoutheight=\dimen165
\Gm@layouthoffset=\dimen166
\Gm@layoutvoffset=\dimen167
\Gm@dimlist=\toks17
) (./cscover.sty
Package: cscover 
) (c:/texlive/2020/texmf-dist/tex/latex/graphics/graphicx.sty
Package: graphicx 2020/09/09 v1.2b Enhanced LaTeX Graphics (DPC,SPQR)
(c:/texlive/2020/texmf-dist/tex/latex/graphics/graphics.sty
Package: graphics 2020/08/30 v1.4c Standard LaTeX Graphics (DPC,SPQR)
(c:/texlive/2020/texmf-dist/tex/latex/graphics/trig.sty
Package: trig 2016/01/03 v1.10 sin cos tan (DPC)
) (c:/texlive/2020/texmf-dist/tex/latex/graphics-cfg/graphics.cfg
File: graphics.cfg 2016/06/04 v1.11 sample graphics configuration
)
Package graphics Info: Driver file: dvipdfmx.def on input line 105.
(c:/texlive/2020/texmf-dist/tex/latex/graphics-def/dvipdfmx.def
File: dvipdfmx.def 2020/08/26 v5.0h Graphics/color driver for dvipdfmx
))
\Gin@req@height=\dimen168
\Gin@req@width=\dimen169
) (c:/texlive/2020/texmf-dist/tex/latex/cite/cite.sty
LaTeX Info: Redefining \cite on input line 302.
LaTeX Info: Redefining \nocite on input line 332.
Package: cite 2015/02/27  v 5.5
) (c:/texlive/2020/texmf-dist/tex/latex/hyperref/hyperref.sty
Package: hyperref 2020-05-15 v7.00e Hypertext links for LaTeX
(c:/texlive/2020/texmf-dist/tex/generic/ltxcmds/ltxcmds.sty
Package: ltxcmds 2020-05-10 v1.25 LaTeX kernel commands for general use (HO)
) (c:/texlive/2020/texmf-dist/tex/generic/pdftexcmds/pdftexcmds.sty
Package: pdftexcmds 2020-06-27 v0.33 Utility functions of pdfTeX for LuaTeX (HO)
(c:/texlive/2020/texmf-dist/tex/generic/infwarerr/infwarerr.sty
Package: infwarerr 2019/12/03 v1.5 Providing info/warning/error messages (HO)
)
Package pdftexcmds Info: \pdf@primitive is available.
Package pdftexcmds Info: \pdf@ifprimitive is available.
Package pdftexcmds Info: \pdfdraftmode not found.
) (c:/texlive/2020/texmf-dist/tex/generic/kvsetkeys/kvsetkeys.sty
Package: kvsetkeys 2019/12/15 v1.18 Key value parser (HO)
) (c:/texlive/2020/texmf-dist/tex/generic/kvdefinekeys/kvdefinekeys.sty
Package: kvdefinekeys 2019-12-19 v1.6 Define keys (HO)
) (c:/texlive/2020/texmf-dist/tex/generic/pdfescape/pdfescape.sty
Package: pdfescape 2019/12/09 v1.15 Implements pdfTeX's escape features (HO)
) (c:/texlive/2020/texmf-dist/tex/latex/hycolor/hycolor.sty
Package: hycolor 2020-01-27 v1.10 Color options for hyperref/bookmark (HO)
) (c:/texlive/2020/texmf-dist/tex/latex/letltxmacro/letltxmacro.sty
Package: letltxmacro 2019/12/03 v1.6 Let assignment for LaTeX macros (HO)
) (c:/texlive/2020/texmf-dist/tex/latex/auxhook/auxhook.sty
Package: auxhook 2019-12-17 v1.6 Hooks for auxiliary files (HO)
) (c:/texlive/2020/texmf-dist/tex/latex/kvoptions/kvoptions.sty
Package: kvoptions 2020-10-07 v3.14 Key value format for package options (HO)
)
\@linkdim=\dimen170
\Hy@linkcounter=\count189
\Hy@pagecounter=\count190
(c:/texlive/2020/texmf-dist/tex/latex/hyperref/pd1enc.def
File: pd1enc.def 2020-05-15 v7.00e Hyperref: PDFDocEncoding definition (HO)
Now handling font encoding PD1 ...
... no UTF-8 mapping file for font encoding PD1
) (c:/texlive/2020/texmf-dist/tex/generic/intcalc/intcalc.sty
Package: intcalc 2019/12/15 v1.3 Expandable calculations with integers (HO)
) (c:/texlive/2020/texmf-dist/tex/generic/etexcmds/etexcmds.sty
Package: etexcmds 2019/12/15 v1.7 Avoid name clashes with e-TeX commands (HO)
)
\Hy@SavedSpaceFactor=\count191

Package hyperref Warning: Option `a4paper' is no longer used.

Package hyperref Info: Option `pdfdisplaydoctitle' set `true' on input line 4338.
Package hyperref Info: Option `bookmarks' set `true' on input line 4338.
Package hyperref Info: Option `bookmarksnumbered' set `true' on input line 4338.
Package hyperref Info: Option `bookmarksopen' set `true' on input line 4338.
Package hyperref Info: Hyper figures OFF on input line 4464.
Package hyperref Info: Link nesting OFF on input line 4469.
Package hyperref Info: Hyper index ON on input line 4472.
Package hyperref Info: Plain pages OFF on input line 4479.
Package hyperref Info: Backreferencing OFF on input line 4484.
Package hyperref Info: Implicit mode ON; LaTeX internals redefined.
Package hyperref Info: Bookmarks ON on input line 4717.
\c@Hy@tempcnt=\count192
(c:/texlive/2020/texmf-dist/tex/latex/url/url.sty
\Urlmuskip=\muskip16
Package: url 2013/09/16  ver 3.4  Verb mode for urls, etc.
)
LaTeX Info: Redefining \url on input line 5076.
\XeTeXLinkMargin=\dimen171
(c:/texlive/2020/texmf-dist/tex/generic/bitset/bitset.sty
Package: bitset 2019/12/09 v1.3 Handle bit-vector datatype (HO)
(c:/texlive/2020/texmf-dist/tex/generic/bigintcalc/bigintcalc.sty
Package: bigintcalc 2019/12/15 v1.5 Expandable calculations on big integers (HO)
))
\Fld@menulength=\count193
\Field@Width=\dimen172
\Fld@charsize=\dimen173
Package hyperref Info: Hyper figures OFF on input line 6347.
Package hyperref Info: Link nesting OFF on input line 6352.
Package hyperref Info: Hyper index ON on input line 6355.
Package hyperref Info: backreferencing OFF on input line 6362.
Package hyperref Info: Link coloring OFF on input line 6367.
Package hyperref Info: Link coloring with OCG OFF on input line 6372.
Package hyperref Info: PDF/A mode OFF on input line 6377.
LaTeX Info: Redefining \ref on input line 6417.
LaTeX Info: Redefining \pageref on input line 6421.
(c:/texlive/2020/texmf-dist/tex/latex/base/atbegshi-ltx.sty
Package: atbegshi-ltx 2020/08/17 v1.0a Emulation of the original atbegshi package
with kernel methods
)
\Hy@abspage=\count194
\c@Item=\count195
\c@Hfootnote=\count196
)
Package hyperref Info: Driver: hdvipdfm.
(c:/texlive/2020/texmf-dist/tex/latex/hyperref/hdvipdfm.def
File: hdvipdfm.def 2020-05-15 v7.00e Hyperref driver for dvipdfm
\pdfm@box=\box64
\c@Hy@AnnotLevel=\count197
\HyField@AnnotCount=\count198
\Fld@listcount=\count199
\c@bookmark@seq@number=\count266
(c:/texlive/2020/texmf-dist/tex/latex/rerunfilecheck/rerunfilecheck.sty
Package: rerunfilecheck 2019/12/05 v1.9 Rerun checks for auxiliary files (HO)
(c:/texlive/2020/texmf-dist/tex/latex/base/atveryend-ltx.sty
Package: atveryend-ltx 2020/08/19 v1.0a Emulation of the original atvery package
with kernel methods
) (c:/texlive/2020/texmf-dist/tex/generic/uniquecounter/uniquecounter.sty
Package: uniquecounter 2019/12/15 v1.4 Provide unlimited unique counter (HO)
)
Package uniquecounter Info: New unique counter `rerunfilecheck' on input line 286.
)
\Hy@SectionHShift=\skip50
) (c:/texlive/2020/texmf-dist/tex/platex/pxjahyper/pxjahyper.sty
Package: pxjahyper 2020/10/10 v0.6a
(c:/texlive/2020/texmf-dist/tex/latex/etoolbox/etoolbox.sty
Package: etoolbox 2020/10/05 v2.5k e-TeX tools for LaTeX (JAW)
\etb@tempcnta=\count267
) (c:/texlive/2020/texmf-dist/tex/platex/pxjahyper/pxjahyper-enc.sty
Package: pxjahyper-enc 2020/10/10 v0.6a
)) (c:/texlive/2020/texmf-dist/tex/latex/l3backend/l3backend-dvips.def
File: l3backend-dvips.def 2021-01-09 L3 backend support: dvips
\l__pdf_internal_box=\box65
\g__pdf_backend_object_int=\count268
\l__pdf_backend_content_box=\box66
\l__pdf_backend_model_box=\box67
\g__pdf_backend_annotation_int=\count269
\g__pdf_backend_link_int=\count270
\g__pdf_backend_link_sf_int=\count271
) (out/kurioka.aux)
\openout1 = `kurioka.aux'.

LaTeX Font Info:    Checking defaults for OML/cmm/m/it on input line 34.
LaTeX Font Info:    ... okay on input line 34.
LaTeX Font Info:    Checking defaults for OMS/cmsy/m/n on input line 34.
LaTeX Font Info:    ... okay on input line 34.
LaTeX Font Info:    Checking defaults for OT1/cmr/m/n on input line 34.
LaTeX Font Info:    ... okay on input line 34.
LaTeX Font Info:    Checking defaults for T1/cmr/m/n on input line 34.
LaTeX Font Info:    ... okay on input line 34.
LaTeX Font Info:    Checking defaults for TS1/cmr/m/n on input line 34.
LaTeX Font Info:    ... okay on input line 34.
LaTeX Font Info:    Checking defaults for OMX/cmex/m/n on input line 34.
LaTeX Font Info:    ... okay on input line 34.
LaTeX Font Info:    Checking defaults for U/cmr/m/n on input line 34.
LaTeX Font Info:    ... okay on input line 34.
LaTeX Font Info:    Checking defaults for JY1/mc/m/n on input line 34.
LaTeX Font Info:    ... okay on input line 34.
LaTeX Font Info:    Checking defaults for JT1/mc/m/n on input line 34.
LaTeX Font Info:    ... okay on input line 34.
LaTeX Font Info:    Checking defaults for PD1/pdf/m/n on input line 34.
LaTeX Font Info:    ... okay on input line 34.
*geometry* driver: auto-detecting
*geometry* detected driver: dvips
*geometry* verbose mode - [ preamble ] result:
* driver: dvips
* paper: a4paper
* layout: <same size as paper>
* layoutoffset:(h,v)=(0.0pt,0.0pt)
* modes: truedimen 
* h-part:(L,W,R)=(64.96059pt, 415.74806pt, 64.96059pt)
* v-part:(T,H,B)=(64.96059pt, 641.81107pt, 64.96059pt)
* \paperwidth=597.49146pt
* \paperheight=845.04272pt
* \textwidth=415.74806pt
* \textheight=641.81107pt
* \oddsidemargin=-1.03915pt
* \evensidemargin=-1.03915pt
* \topmargin=-34.26729pt
* \headheight=20.0pt
* \headsep=13.22813pt
* \topskip=12.76073pt
* \footskip=25.98886pt
* \marginparwidth=18.49374pt
* \marginparsep=18.49374pt
* \columnsep=18.49374pt
* \skip\footins=16.0pt plus 5.0pt minus 2.0pt
* \hoffset=0.00548pt
* \voffset=0.00548pt
* \mag=1095
* \@twocolumnfalse
* \@twosidefalse
* \@mparswitchfalse
* \@reversemarginfalse
* (1in=72.27pt=25.4mm, 1cm=28.453pt)

Package hyperref Info: Link coloring OFF on input line 34.
(c:/texlive/2020/texmf-dist/tex/latex/hyperref/nameref.sty
Package: nameref 2019/09/16 v2.46 Cross-referencing by name of section
(c:/texlive/2020/texmf-dist/tex/latex/refcount/refcount.sty
Package: refcount 2019/12/15 v3.6 Data extraction from label references (HO)
) (c:/texlive/2020/texmf-dist/tex/generic/gettitlestring/gettitlestring.sty
Package: gettitlestring 2019/12/15 v1.6 Cleanup title references (HO)
)
\c@section@level=\count272
)
LaTeX Info: Redefining \ref on input line 34.
LaTeX Info: Redefining \pageref on input line 34.
LaTeX Info: Redefining \nameref on input line 34.
(out/kurioka.out) (out/kurioka.out)
\@outlinefile=\write4
\openout4 = `kurioka.out'.

LaTeX Font Info:    Font shape `JT1/mc/m/n' will be
(Font)              scaled to size 16.60605pt on input line 38.
LaTeX Font Info:    Font shape `JY1/mc/m/n' will be
(Font)              scaled to size 16.60605pt on input line 38.
LaTeX Font Info:    Font shape `JT1/mc/bx/n' in size <17.28> not available
(Font)              Font shape `JT1/gt/m/n' tried instead on input line 38.
LaTeX Font Info:    Font shape `JT1/gt/m/n' will be
(Font)              scaled to size 16.60605pt on input line 38.
LaTeX Font Info:    Font shape `JY1/mc/bx/n' in size <17.28> not available
(Font)              Font shape `JY1/gt/m/n' tried instead on input line 38.
LaTeX Font Info:    Font shape `JY1/gt/m/n' will be
(Font)              scaled to size 16.60605pt on input line 38.
LaTeX Font Info:    Font shape `JT1/mc/m/n' will be
(Font)              scaled to size 23.90964pt on input line 38.
LaTeX Font Info:    Font shape `JY1/mc/m/n' will be
(Font)              scaled to size 23.90964pt on input line 38.
LaTeX Font Info:    Font shape `JT1/mc/m/n' will be
(Font)              scaled to size 13.83836pt on input line 38.
LaTeX Font Info:    Font shape `JY1/mc/m/n' will be
(Font)              scaled to size 13.83836pt on input line 38.

Underfull \hbox (badness 10000) detected at line 38
[] []
 []

LaTeX Font Info:    Font shape `JT1/mc/m/n' will be
(Font)              scaled to size 11.53198pt on input line 38.
LaTeX Font Info:    Font shape `JY1/mc/m/n' will be
(Font)              scaled to size 11.53198pt on input line 38.
[1


]
LaTeX Font Info:    Font shape `JT1/gt/m/n' will be
(Font)              scaled to size 23.90964pt on input line 39.
LaTeX Font Info:    Font shape `JY1/gt/m/n' will be
(Font)              scaled to size 23.90964pt on input line 39.
LaTeX Font Info:    Font shape `JT1/gt/m/n' will be
(Font)              scaled to size 9.60999pt on input line 42.
LaTeX Font Info:    Font shape `JY1/gt/m/n' will be
(Font)              scaled to size 9.60999pt on input line 42.
[2


] (out/kurioka.toc
LaTeX Font Info:    External font `cmex10' loaded for size
(Font)              <7> on input line 3.
LaTeX Font Info:    External font `cmex10' loaded for size
(Font)              <5> on input line 3.
LaTeX Font Info:    Font shape `JY1/mc/m/n' will be
(Font)              scaled to size 6.72699pt on input line 3.
LaTeX Font Info:    Font shape `JY1/mc/m/n' will be
(Font)              scaled to size 4.805pt on input line 3.
[3

])
\tf@toc=\write5
\openout5 = `kurioka.toc'.

[4] (out/kurioka.lof [5

])
\tf@lof=\write6
\openout6 = `kurioka.lof'.

[6] (out/kurioka.lot)
\tf@lot=\write7
\openout7 = `kurioka.lot'.

[7

]
第1章
LaTeX Font Info:    Font shape `JT1/mc/m/n' will be
(Font)              scaled to size 19.9311pt on input line 49.
LaTeX Font Info:    Font shape `JY1/mc/m/n' will be
(Font)              scaled to size 19.9311pt on input line 49.
LaTeX Font Info:    Font shape `JT1/gt/m/n' will be
(Font)              scaled to size 19.9311pt on input line 49.
LaTeX Font Info:    Font shape `JY1/gt/m/n' will be
(Font)              scaled to size 19.9311pt on input line 49.
LaTeX Font Info:    Font shape `JT1/gt/m/n' will be
(Font)              scaled to size 13.83836pt on input line 51.
LaTeX Font Info:    Font shape `JY1/gt/m/n' will be
(Font)              scaled to size 13.83836pt on input line 51.
(./kurioka/1-1.tex
File: fig/zoom-monitor-screen.png Graphic file (type bmp)
<fig/zoom-monitor-screen.png>
LaTeX Font Info:    Font shape `JT1/mc/m/n' will be
(Font)              scaled to size 8.64899pt on input line 7.
LaTeX Font Info:    Font shape `JY1/mc/m/n' will be
(Font)              scaled to size 8.64899pt on input line 7.
[1


]
File: fig/conference.png Graphic file (type bmp)
<fig/conference.png>
File: fig/panorama.png Graphic file (type bmp)
<fig/panorama.png>

Overfull \hbox (31.72823pt too wide) in paragraph at lines 39--40
 [][] 
 []

File: fig/thetaV.png Graphic file (type bmp)
<fig/thetaV.png>
[2]
File: fig/Glomal350.jpg Graphic file (type bmp)
<fig/Glomal350.jpg>
) (./kurioka/1-2.tex [3]) [4] (./kurioka/1-3.tex) [5]
第2章
(./kurioka/2-1.tex Excluding 'comment' comment.
File: fig/thetaref1.jpg Graphic file (type bmp)
<fig/thetaref1.jpg>
File: fig/thetaref2.jpg Graphic file (type bmp)
<fig/thetaref2.jpg>
File: fig/teiso1.png Graphic file (type bmp)
<fig/teiso1.png>
File: fig/teiso2.png Graphic file (type bmp)
<fig/teiso2.png>
File: fig/OWL.png Graphic file (type bmp)
<fig/OWL.png>
LaTeX Font Info:    Font shape `JT1/gt/m/n' will be
(Font)              scaled to size 11.53198pt on input line 75.
LaTeX Font Info:    Font shape `JY1/gt/m/n' will be
(Font)              scaled to size 11.53198pt on input line 75.
[6

] [7] [8] [9]
File: fig/OmniView.png Graphic file (type bmp)
<fig/OmniView.png>
File: fig/cubemap1.png Graphic file (type bmp)
<fig/cubemap1.png>
File: fig/cubemap2.png Graphic file (type bmp)
<fig/cubemap2.png>
) (./kurioka/2-2.tex Excluding 'comment' comment.
File: fig/isphere.png Graphic file (type bmp)
<fig/isphere.png>
File: fig/projection2.pdf Graphic file (type pdf)
<fig/projection2.pdf>

Overfull \hbox (3.01459pt too wide) in paragraph at lines 48--49
 [][] 
 []

[10] [11]
File: fig/teiso3.png Graphic file (type bmp)
<fig/teiso3.png>
File: fig/OEBproto.png Graphic file (type bmp)
<fig/OEBproto.png>
File: fig/qoom.png Graphic file (type bmp)
<fig/qoom.png>

Overfull \hbox (16.06224pt too wide) in paragraph at lines 91--92
 [][] 
 []

File: fig/qoomsys.png Graphic file (type bmp)
<fig/qoomsys.png>

Overfull \hbox (42.96568pt too wide) in paragraph at lines 97--98
 [][] 
 []

File: fig/avaterexp.png Graphic file (type bmp)
<fig/avaterexp.png>
) (./kurioka/2-3.tex Excluding 'comment' comment.
File: fig/2room2.png Graphic file (type bmp)
<fig/2room2.png>
[12]
File: fig/tRoom.png Graphic file (type bmp)
<fig/tRoom.png>
File: fig/2room2.png Graphic file (type bmp)
<fig/2room2.png>
File: fig/gaze.png Graphic file (type bmp)
<fig/gaze.png>
File: fig/kobayashi2.png Graphic file (type bmp)
<fig/kobayashi2.png>
) (./kurioka/2-4.tex) [13] [14] [15] [16] [17] [18] [19] [20] [21] [22]
第3章
(./kurioka/3-1.tex) (./kurioka/3-2.tex
File: fig/PCsideSlide.png Graphic file (type bmp)
<fig/PCsideSlide.png>
File: fig/OEBsideSlideimg.png Graphic file (type bmp)
<fig/OEBsideSlideimg.png>
[23

]
File: fig/SPcase.png Graphic file (type bmp)
<fig/SPcase.png>
) (./kurioka/3-3.tex [24] [25] [26]
File: fig/flow.png Graphic file (type bmp)
<fig/flow.png>
) [27]
第4章
(./kurioka/4-1-new.tex
Overfull \hbox (22.5684pt too wide) in paragraph at lines 25--34
 [][][][] 
 []

File: fig/OEBnow.png Graphic file (type bmp)
<fig/OEBnow.png>

Overfull \hbox (69.91745pt too wide) in paragraph at lines 67--68
 [][] 
 []


LaTeX Warning: Float too large for page by 30.49295pt on input line 69.

File: fig/glomal350_now.png Graphic file (type bmp)
<fig/glomal350_now.png>

Overfull \hbox (69.91745pt too wide) in paragraph at lines 73--74
 [][] 
 []


LaTeX Warning: Float too large for page by 29.9439pt on input line 75.

) (./kurioka/4-2-new.tex
File: fig/OBSstudio.png Graphic file (type bmp)
<fig/OBSstudio.png>

Overfull \hbox (24.28922pt too wide) in paragraph at lines 26--27
 [][] 
 []

[28

] [29] [30] [31] [32]
File: fig/streaming.png Graphic file (type bmp)
<fig/streaming.png>
File: fig/convertintocircle.png Graphic file (type bmp)
<fig/convertintocircle.png>
[33] [34]) [35]
第5章
(./kurioka/5-1.tex) (./kurioka/5-2.tex
File: fig/GUI1.png Graphic file (type bmp)
<fig/GUI1.png>
File: fig/GUI2.png Graphic file (type bmp)
<fig/GUI2.png>

Overfull \hbox (34.63258pt too wide) in paragraph at lines 31--32
 [][] 
 []

LaTeX Font Info:    Font shape `JT1/mc/bx/n' in size <10> not available
(Font)              Font shape `JT1/gt/m/n' tried instead on input line 35.
LaTeX Font Info:    Font shape `JT1/gt/m/n' will be
(Font)              scaled to size 9.60999pt on input line 35.
LaTeX Font Info:    Font shape `JY1/mc/bx/n' in size <10> not available
(Font)              Font shape `JY1/gt/m/n' tried instead on input line 35.
LaTeX Font Info:    Font shape `JY1/gt/m/n' will be
(Font)              scaled to size 9.60999pt on input line 35.

LaTeX Warning: Reference `OEBGUI3' on page 36 undefined on input line 35.

File: fig/GUI3.png Graphic file (type bmp)
<fig/GUI3.png>
File: fig/GUI.png Graphic file (type bmp)
<fig/GUI.png>
) (./kurioka/5-3-1.tex [36

]
File: fig/slide1.png Graphic file (type bmp)
<fig/slide1.png>
File: fig/slide2.png Graphic file (type bmp)
<fig/slide2.png>

Overfull \hbox (62.84175pt too wide) in paragraph at lines 35--37
 [][] 
 []


Overfull \hbox (65.25076pt too wide) in paragraph at lines 35--37
 [] 
 []

) (./kurioka/5-3-2.tex [37] [38] [39]
Overfull \hbox (12.57135pt too wide) in paragraph at lines 51--68
 [][][] 
 []

) (./kurioka/5-3-3.tex Excluding 'comment' comment. [40] [41]
File: fig/exp1.png Graphic file (type bmp)
<fig/exp1.png>
File: fig/exp2.png Graphic file (type bmp)
<fig/exp2.png>
File: fig/exp4.png Graphic file (type bmp)
<fig/exp4.png>
File: fig/exp3.png Graphic file (type bmp)
<fig/exp3.png>
) (./kurioka/5-4-1.tex [42]) (./kurioka/5-4-2.tex
File: fig/boxplot11.png Graphic file (type bmp)
<fig/boxplot11.png>

Overfull \hbox (55.61473pt too wide) in paragraph at lines 5--6
 [][][] 
 []

File: fig/boxplot10.png Graphic file (type bmp)
<fig/boxplot10.png>

Overfull \hbox (49.1907pt too wide) in paragraph at lines 7--8
 [][][] 
 []


LaTeX Warning: Float too large for page by 81.85942pt on input line 9.

[43] [44]) (./kurioka/5-4-3.tex Excluding 'comment' comment. [45] [46] [47] [48]) [49]
第6章
(./kurioka/6-1.tex Excluding 'comment' comment.) (./kurioka/6-2-1.tex Excluding 'comment' comment. [50

]
File: fig/projection1.png Graphic file (type bmp)
<fig/projection1.png>
File: fig/dlib.png Graphic file (type bmp)
<fig/dlib.png>
[51] [52]
File: fig/CNNep.png Graphic file (type bmp)
<fig/CNNep.png>
File: fig/conv.png Graphic file (type bmp)
<fig/conv.png>

Overfull \hbox (10.04701pt too wide) in paragraph at lines 115--116
 [][] 
 []

[53]
File: fig/pooling.png Graphic file (type bmp)
<fig/pooling.png>

Overfull \hbox (10.04082pt too wide) in paragraph at lines 129--130
 [][] 
 []

[54]
File: fig/App1_imp.png Graphic file (type bmp)
<fig/App1_imp.png>
File: fig/window1.png Graphic file (type bmp)
<fig/window1.png>
File: fig/window2.png Graphic file (type bmp)
<fig/window2.png>
) (./kurioka/6-2-2.tex Excluding 'comment' comment.
File: fig/yokogao.png Graphic file (type bmp)
<fig/yokogao.png>
File: fig/unitycam.png Graphic file (type bmp)
<fig/unitycam.png>

Overfull \hbox (14.25656pt too wide) in paragraph at lines 49--50
 [][] 
 []

File: fig/unitycapture.png Graphic file (type bmp)
<fig/unitycapture.png>
File: fig/yokoV.png Graphic file (type bmp)
<fig/yokoV.png>
) [55] (./kurioka/6-2-3.tex Excluding 'comment' comment.
File: fig/okashira1.png Graphic file (type bmp)
<fig/okashira1.png>
File: fig/okashira3.png Graphic file (type bmp)
<fig/okashira3.png>

LaTeX Warning: Float too large for page by 19.99002pt on input line 26.

File: fig/okashira2.png Graphic file (type bmp)
<fig/okashira2.png>
File: fig/okashira4.png Graphic file (type bmp)
<fig/okashira4.png>

LaTeX Warning: Float too large for page by 15.77423pt on input line 33.

[56]) (./kurioka/6-3.tex Excluding 'comment' comment.
File: fig/matching.png Graphic file (type bmp)
<fig/matching.png>
[57]) [58] [59] [60] [61] [62] [63] [64] [65] [66] [67]
第7章
[68

] (out/kurioka.bbl [69


]

LaTeX Warning: Empty `thebibliography' environment on input line 3.

) [70

] (./kurioka/sanko.tex
Underfull \hbox (badness 10000) in paragraph at lines 18--19
[]\JY1/mc/m/n/10 有志による \OT1/cmr/m/n/10 OpenCV \JY1/mc/m/n/10 の解説 \OT1/cmr/m/n/10 (http://labs.eecs.tottori-
 []


Overfull \hbox (52.97095pt too wide) in paragraph at lines 18--19
\OT1/cmr/m/n/10 u.ac.jp/sd/Member/oyamada/OpenCV/html/py[]tutorials/py[]feature2d/py[]matcher/py[]matcher.html) 
 []

[71

]) [72] (out/kurioka.aux)

LaTeX Warning: There were undefined references.

Package rerunfilecheck Info: File `kurioka.out' has not changed.
(rerunfilecheck)             Checksum: 9165BDFB9854113347E7E32DEAE1AAF8;2800.
 ) 
Here is how much of TeX's memory you used:
 6845 strings out of 479776
 102132 string characters out of 5882890
 434722 words of memory out of 5000000
 23996 multiletter control sequences out of 15000+600000
 415991 words of font info for 89 fonts, out of 8000000 for 9000
 934 hyphenation exceptions out of 8191
 71i,14n,77p,455b,491s stack positions out of 5000i,500n,10000p,200000b,80000s

Output written on out/kurioka.dvi (79 pages, 198724 bytes).
